{"C:\\Gad\\dev\\nodejs\\typescript-tst\\src\\server.ts": {"path":"C:\\Gad\\dev\\nodejs\\typescript-tst\\src\\server.ts","statementMap":{"0":{"start":{"line":1,"column":0},"end":{"line":1,"column":23}},"1":{"start":{"line":2,"column":0},"end":{"line":2,"column":29}},"2":{"start":{"line":3,"column":0},"end":{"line":3,"column":61}},"3":{"start":{"line":4,"column":0},"end":{"line":4,"column":55}},"4":{"start":{"line":5,"column":0},"end":{"line":5,"column":59}},"5":{"start":{"line":6,"column":0},"end":{"line":6,"column":63}},"6":{"start":{"line":7,"column":0},"end":{"line":7,"column":77}},"7":{"start":{"line":10,"column":13},"end":{"line":10,"column":37}},"8":{"start":{"line":15,"column":20},"end":{"line":56,"column":1}},"9":{"start":{"line":17,"column":4},"end":{"line":17,"column":89}},"10":{"start":{"line":18,"column":4},"end":{"line":18,"column":36}},"11":{"start":{"line":19,"column":4},"end":{"line":19,"column":89}},"12":{"start":{"line":20,"column":4},"end":{"line":20,"column":57}},"13":{"start":{"line":21,"column":4},"end":{"line":21,"column":36}},"14":{"start":{"line":23,"column":4},"end":{"line":23,"column":89}},"15":{"start":{"line":24,"column":4},"end":{"line":24,"column":40}},"16":{"start":{"line":25,"column":4},"end":{"line":25,"column":89}},"17":{"start":{"line":27,"column":4},"end":{"line":27,"column":null}},"18":{"start":{"line":28,"column":4},"end":{"line":28,"column":33}},"19":{"start":{"line":30,"column":4},"end":{"line":30,"column":89}},"20":{"start":{"line":31,"column":4},"end":{"line":31,"column":54}},"21":{"start":{"line":32,"column":4},"end":{"line":32,"column":89}},"22":{"start":{"line":34,"column":4},"end":{"line":34,"column":47}},"23":{"start":{"line":38,"column":4},"end":{"line":38,"column":89}},"24":{"start":{"line":39,"column":4},"end":{"line":39,"column":57}},"25":{"start":{"line":40,"column":4},"end":{"line":40,"column":89}},"26":{"start":{"line":42,"column":4},"end":{"line":42,"column":35}},"27":{"start":{"line":44,"column":4},"end":{"line":44,"column":89}},"28":{"start":{"line":45,"column":4},"end":{"line":45,"column":42}},"29":{"start":{"line":46,"column":4},"end":{"line":46,"column":89}},"30":{"start":{"line":48,"column":4},"end":{"line":48,"column":48}},"31":{"start":{"line":49,"column":4},"end":{"line":53,"column":null}},"32":{"start":{"line":50,"column":4},"end":{"line":50,"column":89}},"33":{"start":{"line":51,"column":4},"end":{"line":51,"column":77}},"34":{"start":{"line":52,"column":4},"end":{"line":52,"column":89}},"35":{"start":{"line":15,"column":13},"end":{"line":15,"column":20}},"36":{"start":{"line":58,"column":24},"end":{"line":58,"column":82}},"37":{"start":{"line":58,"column":42},"end":{"line":58,"column":82}},"38":{"start":{"line":58,"column":13},"end":{"line":58,"column":24}},"39":{"start":{"line":60,"column":0},"end":{"line":60,"column":7}}},"fnMap":{"0":{"name":"(anonymous_1)","decl":{"start":{"line":15,"column":20},"end":{"line":15,"column":23}},"loc":{"start":{"line":15,"column":25},"end":{"line":56,"column":1}}},"1":{"name":"(anonymous_2)","decl":{"start":{"line":49,"column":35},"end":{"line":49,"column":38}},"loc":{"start":{"line":49,"column":40},"end":{"line":53,"column":5}}},"2":{"name":"(anonymous_3)","decl":{"start":{"line":58,"column":24},"end":{"line":58,"column":25}},"loc":{"start":{"line":58,"column":42},"end":{"line":58,"column":82}}}},"branchMap":{"0":{"loc":{"start":{"line":58,"column":42},"end":{"line":58,"column":82}},"type":"binary-expr","locations":[{"start":{"line":58,"column":42},"end":{"line":58,"column":52}},{"start":{"line":58,"column":56},"end":{"line":58,"column":82}}]}},"s":{"0":1,"1":1,"2":1,"3":1,"4":1,"5":1,"6":1,"7":1,"8":1,"9":1,"10":1,"11":1,"12":1,"13":1,"14":1,"15":1,"16":1,"17":1,"18":1,"19":1,"20":1,"21":1,"22":1,"23":1,"24":1,"25":1,"26":1,"27":1,"28":1,"29":1,"30":1,"31":1,"32":1,"33":1,"34":1,"35":1,"36":1,"37":1,"38":1,"39":1},"f":{"0":1,"1":1,"2":1},"b":{"0":[1,1]}}
,"C:\\Gad\\dev\\nodejs\\typescript-tst\\src\\config\\config.ts": {"path":"C:\\Gad\\dev\\nodejs\\typescript-tst\\src\\config\\config.ts","statementMap":{"0":{"start":{"line":1,"column":0},"end":{"line":1,"column":27}},"1":{"start":{"line":3,"column":0},"end":{"line":3,"column":16}},"2":{"start":{"line":5,"column":13},"end":{"line":5,"column":67}},"3":{"start":{"line":6,"column":13},"end":{"line":6,"column":52}},"4":{"start":{"line":9,"column":13},"end":{"line":9,"column":75}},"5":{"start":{"line":10,"column":13},"end":{"line":10,"column":92}},"6":{"start":{"line":12,"column":13},"end":{"line":15,"column":2}}},"fnMap":{},"branchMap":{"0":{"loc":{"start":{"line":9,"column":32},"end":{"line":9,"column":74}},"type":"binary-expr","locations":[{"start":{"line":9,"column":32},"end":{"line":9,"column":59}},{"start":{"line":9,"column":63},"end":{"line":9,"column":74}}]},"1":{"loc":{"start":{"line":10,"column":28},"end":{"line":10,"column":91}},"type":"cond-expr","locations":[{"start":{"line":10,"column":54},"end":{"line":10,"column":85}},{"start":{"line":10,"column":87},"end":{"line":10,"column":91}}]}},"s":{"0":1,"1":1,"2":1,"3":1,"4":1,"5":1,"6":1},"f":{},"b":{"0":[1,0],"1":[1,0]}}
,"C:\\Gad\\dev\\nodejs\\typescript-tst\\src\\controller\\customers\\customerRouters.ts": {"path":"C:\\Gad\\dev\\nodejs\\typescript-tst\\src\\controller\\customers\\customerRouters.ts","statementMap":{"0":{"start":{"line":1,"column":0},"end":{"line":1,"column":32}},"1":{"start":{"line":2,"column":0},"end":{"line":2,"column":61}},"2":{"start":{"line":4,"column":13},"end":{"line":4,"column":39}},"3":{"start":{"line":6,"column":0},"end":{"line":6,"column":28}}},"fnMap":{},"branchMap":{},"s":{"0":1,"1":1,"2":1,"3":1},"f":{},"b":{}}
,"C:\\Gad\\dev\\nodejs\\typescript-tst\\src\\controller\\customers\\controller\\customersController.ts": {"path":"C:\\Gad\\dev\\nodejs\\typescript-tst\\src\\controller\\customers\\controller\\customersController.ts","statementMap":{"0":{"start":{"line":5,"column":0},"end":{"line":5,"column":22}},"1":{"start":{"line":2,"column":0},"end":{"line":2,"column":61}},"2":{"start":{"line":6,"column":29},"end":{"line":6,"column":65}},"3":{"start":{"line":8,"column":4},"end":{"line":14,"column":5}},"4":{"start":{"line":9,"column":8},"end":{"line":9,"column":72}},"5":{"start":{"line":12,"column":8},"end":{"line":12,"column":64}}},"fnMap":{"0":{"name":"customers","decl":{"start":{"line":5,"column":22},"end":{"line":5,"column":31}},"loc":{"start":{"line":5,"column":77},"end":{"line":17,"column":null}}}},"branchMap":{"0":{"loc":{"start":{"line":8,"column":4},"end":{"line":14,"column":5}},"type":"if","locations":[{"start":{"line":8,"column":4},"end":{"line":14,"column":5}},{"start":{"line":10,"column":9},"end":{"line":14,"column":5}}]}},"s":{"0":1,"1":1,"2":0,"3":0,"4":0,"5":0},"f":{"0":0},"b":{"0":[0,0]}}
,"C:\\Gad\\dev\\nodejs\\typescript-tst\\src\\controller\\customers\\model\\customerConvert.ts": {"path":"C:\\Gad\\dev\\nodejs\\typescript-tst\\src\\controller\\customers\\model\\customerConvert.ts","statementMap":{"0":{"start":{"line":35,"column":6},"end":{"line":35,"column":22}},"1":{"start":{"line":27,"column":39},"end":{"line":32,"column":7}},"2":{"start":{"line":28,"column":8},"end":{"line":31,"column":23}},"3":{"start":{"line":29,"column":10},"end":{"line":29,"column":null}},"4":{"start":{"line":31,"column":10},"end":{"line":31,"column":23}},"5":{"start":{"line":27,"column":17},"end":{"line":27,"column":39}},"6":{"start":{"line":37,"column":8},"end":{"line":37,"column":68}}},"fnMap":{"0":{"name":"(anonymous_0)","decl":{"start":{"line":27,"column":39},"end":{"line":27,"column":40}},"loc":{"start":{"line":27,"column":86},"end":{"line":32,"column":7}}},"1":{"name":"validate","decl":{"start":{"line":35,"column":22},"end":{"line":35,"column":30}},"loc":{"start":{"line":35,"column":47},"end":{"line":39,"column":7}}}},"branchMap":{"0":{"loc":{"start":{"line":28,"column":8},"end":{"line":31,"column":23}},"type":"if","locations":[{"start":{"line":28,"column":8},"end":{"line":31,"column":23}},{"start":{"line":31,"column":10},"end":{"line":31,"column":23}}]},"1":{"loc":{"start":{"line":37,"column":8},"end":{"line":37,"column":67}},"type":"cond-expr","locations":[{"start":{"line":37,"column":56},"end":{"line":37,"column":60}},{"start":{"line":37,"column":62},"end":{"line":37,"column":67}}]}},"s":{"0":1,"1":1,"2":0,"3":0,"4":0,"5":1,"6":0},"f":{"0":0,"1":0},"b":{"0":[0,0],"1":[0,0]}}
,"C:\\Gad\\dev\\nodejs\\typescript-tst\\src\\controller\\customers\\model\\customerData.ts": {"path":"C:\\Gad\\dev\\nodejs\\typescript-tst\\src\\controller\\customers\\model\\customerData.ts","statementMap":{"0":{"start":{"line":4,"column":2},"end":{"line":4,"column":18}},"1":{"start":{"line":2,"column":0},"end":{"line":2,"column":69}},"2":{"start":{"line":5,"column":28},"end":{"line":5,"column":87}},"3":{"start":{"line":6,"column":5},"end":{"line":6,"column":37}}},"fnMap":{"0":{"name":"validateCustomerData","decl":{"start":{"line":4,"column":18},"end":{"line":4,"column":38}},"loc":{"start":{"line":4,"column":55},"end":{"line":7,"column":2}}}},"branchMap":{"0":{"loc":{"start":{"line":5,"column":28},"end":{"line":5,"column":87}},"type":"cond-expr","locations":[{"start":{"line":5,"column":76},"end":{"line":5,"column":80}},{"start":{"line":5,"column":82},"end":{"line":5,"column":87}}]}},"s":{"0":1,"1":1,"2":0,"3":0},"f":{"0":0},"b":{"0":[0,0]}}
,"C:\\Gad\\dev\\nodejs\\typescript-tst\\src\\middleware\\crosHandler.ts": {"path":"C:\\Gad\\dev\\nodejs\\typescript-tst\\src\\middleware\\crosHandler.ts","statementMap":{"0":{"start":{"line":4,"column":0},"end":{"line":4,"column":16}},"1":{"start":{"line":6,"column":4},"end":{"line":6,"column":67}},"2":{"start":{"line":7,"column":4},"end":{"line":7,"column":107}},"3":{"start":{"line":8,"column":4},"end":{"line":8,"column":58}},"4":{"start":{"line":11,"column":4},"end":{"line":14,"column":5}},"5":{"start":{"line":12,"column":8},"end":{"line":12,"column":79}},"6":{"start":{"line":13,"column":8},"end":{"line":13,"column":40}},"7":{"start":{"line":19,"column":4},"end":{"line":19,"column":11}}},"fnMap":{"0":{"name":"crosHandler","decl":{"start":{"line":4,"column":16},"end":{"line":4,"column":27}},"loc":{"start":{"line":4,"column":73},"end":{"line":20,"column":1}}}},"branchMap":{"0":{"loc":{"start":{"line":11,"column":4},"end":{"line":14,"column":5}},"type":"if","locations":[{"start":{"line":11,"column":4},"end":{"line":14,"column":5}}]}},"s":{"0":1,"1":1,"2":1,"3":1,"4":1,"5":1,"6":1,"7":0},"f":{"0":1},"b":{"0":[1]}}
,"C:\\Gad\\dev\\nodejs\\typescript-tst\\src\\middleware\\loggingHandler.ts": {"path":"C:\\Gad\\dev\\nodejs\\typescript-tst\\src\\middleware\\loggingHandler.ts","statementMap":{"0":{"start":{"line":3,"column":0},"end":{"line":3,"column":16}},"1":{"start":{"line":4,"column":4},"end":{"line":4,"column":null}},"2":{"start":{"line":6,"column":4},"end":{"line":9,"column":7}},"3":{"start":{"line":8,"column":8},"end":{"line":8,"column":null}},"4":{"start":{"line":11,"column":4},"end":{"line":11,"column":11}}},"fnMap":{"0":{"name":"loggingHandler","decl":{"start":{"line":3,"column":16},"end":{"line":3,"column":30}},"loc":{"start":{"line":3,"column":76},"end":{"line":12,"column":1}}},"1":{"name":"(anonymous_1)","decl":{"start":{"line":6,"column":24},"end":{"line":6,"column":27}},"loc":{"start":{"line":6,"column":29},"end":{"line":9,"column":5}}}},"branchMap":{},"s":{"0":1,"1":1,"2":1,"3":0,"4":1},"f":{"0":1,"1":0},"b":{}}
,"C:\\Gad\\dev\\nodejs\\typescript-tst\\src\\middleware\\routeNotFound.ts": {"path":"C:\\Gad\\dev\\nodejs\\typescript-tst\\src\\middleware\\routeNotFound.ts","statementMap":{"0":{"start":{"line":4,"column":0},"end":{"line":4,"column":16}},"1":{"start":{"line":6,"column":17},"end":{"line":6,"column":45}},"2":{"start":{"line":7,"column":3},"end":{"line":7,"column":23}},"3":{"start":{"line":9,"column":3},"end":{"line":9,"column":54}}},"fnMap":{"0":{"name":"routeNotFound","decl":{"start":{"line":4,"column":16},"end":{"line":4,"column":29}},"loc":{"start":{"line":4,"column":75},"end":{"line":11,"column":1}}}},"branchMap":{},"s":{"0":1,"1":0,"2":0,"3":0},"f":{"0":0},"b":{}}
}
