TN:
SF:src\server.ts
FN:15,(anonymous_1)
FN:49,(anonymous_2)
FN:58,(anonymous_3)
FNF:3
FNH:3
FNDA:1,(anonymous_1)
FNDA:1,(anonymous_2)
FNDA:1,(anonymous_3)
DA:1,1
DA:2,1
DA:3,1
DA:4,1
DA:5,1
DA:6,1
DA:7,1
DA:10,1
DA:15,1
DA:17,1
DA:18,1
DA:19,1
DA:20,1
DA:21,1
DA:23,1
DA:24,1
DA:25,1
DA:27,1
DA:28,1
DA:30,1
DA:31,1
DA:32,1
DA:34,1
DA:38,1
DA:39,1
DA:40,1
DA:42,1
DA:44,1
DA:45,1
DA:46,1
DA:48,1
DA:49,1
DA:50,1
DA:51,1
DA:52,1
DA:58,1
DA:60,1
LF:37
LH:37
BRDA:58,0,0,1
BRDA:58,0,1,1
BRF:2
BRH:2
end_of_record
TN:
SF:src\config\config.ts
FNF:0
FNH:0
DA:1,1
DA:3,1
DA:5,1
DA:6,1
DA:9,1
DA:10,1
DA:12,1
LF:7
LH:7
BRDA:9,0,0,1
BRDA:9,0,1,0
BRDA:10,1,0,1
BRDA:10,1,1,0
BRF:4
BRH:2
end_of_record
TN:
SF:src\controller\customers\customerRouters.ts
FNF:0
FNH:0
DA:1,1
DA:2,1
DA:4,1
DA:6,1
LF:4
LH:4
BRF:0
BRH:0
end_of_record
TN:
SF:src\controller\customers\controller\customersController.ts
FN:5,customers
FNF:1
FNH:0
FNDA:0,customers
DA:2,1
DA:5,1
DA:6,0
DA:8,0
DA:9,0
DA:12,0
LF:6
LH:2
BRDA:8,0,0,0
BRDA:8,0,1,0
BRF:2
BRH:0
end_of_record
TN:
SF:src\controller\customers\model\customerConvert.ts
FN:27,(anonymous_0)
FN:35,validate
FNF:2
FNH:0
FNDA:0,(anonymous_0)
FNDA:0,validate
DA:27,1
DA:28,0
DA:29,0
DA:31,0
DA:35,1
DA:37,0
LF:6
LH:2
BRDA:28,0,0,0
BRDA:28,0,1,0
BRDA:37,1,0,0
BRDA:37,1,1,0
BRF:4
BRH:0
end_of_record
TN:
SF:src\controller\customers\model\customerData.ts
FN:4,validateCustomerData
FNF:1
FNH:0
FNDA:0,validateCustomerData
DA:2,1
DA:4,1
DA:5,0
DA:6,0
LF:4
LH:2
BRDA:5,0,0,0
BRDA:5,0,1,0
BRF:2
BRH:0
end_of_record
TN:
SF:src\middleware\crosHandler.ts
FN:4,crosHandler
FNF:1
FNH:1
FNDA:1,crosHandler
DA:4,1
DA:6,1
DA:7,1
DA:8,1
DA:11,1
DA:12,1
DA:13,1
DA:19,0
LF:8
LH:7
BRDA:11,0,0,1
BRF:1
BRH:1
end_of_record
TN:
SF:src\middleware\loggingHandler.ts
FN:3,loggingHandler
FN:6,(anonymous_1)
FNF:2
FNH:1
FNDA:1,loggingHandler
FNDA:0,(anonymous_1)
DA:3,1
DA:4,1
DA:6,1
DA:8,0
DA:11,1
LF:5
LH:4
BRF:0
BRH:0
end_of_record
TN:
SF:src\middleware\routeNotFound.ts
FN:4,routeNotFound
FNF:1
FNH:0
FNDA:0,routeNotFound
DA:4,1
DA:6,0
DA:7,0
DA:9,0
LF:4
LH:1
BRF:0
BRH:0
end_of_record
